2025-07-24 08:23:56,806 - MrTrader - ERROR - Failed to initialize CallbackHandler: 'CallbackHandler' object has no attribute 'show_help_menu'
2025-08-30 09:24:36,885 - MrTrader - ERROR - Failed to set bot commands: httpx.ConnectError: 
2025-08-30 09:24:47,126 - MrTrader - ERROR - Critical error in bot execution: httpx.ConnectError: 
2025-08-30 09:24:49,163 - MrTrader - ERROR - Failed to start bot: httpx.ConnectError: 
2025-08-30 09:24:54,175 - MrTrader - ERROR - Bot finished with errors
2025-08-30 09:30:07,564 - MrTrader - ERROR - BOT_TOKEN is not set in environment variables
2025-08-30 09:30:07,564 - MrTrader - ERROR - Bot finished with errors
2025-08-30 09:30:27,085 - MrTrader - ERROR - Failed to set bot commands: Timed out
2025-08-30 09:30:42,163 - MrTrader - ERROR - Critical error in bot execution: Timed out
2025-08-30 09:30:47,198 - MrTrader - ERROR - Failed to start bot: Timed out
2025-08-30 09:30:56,107 - MrTrader - ERROR - Bot finished with errors
2025-08-30 10:49:13,868 - MrTrader - ERROR - Error sending welcome message: Timed out
2025-08-30 10:49:18,897 - MrTrader - ERROR - Error sending simple welcome: Timed out
2025-08-30 10:49:25,800 - MrTrader - ERROR - Error showing main menu: Timed out
2025-08-30 10:49:33,414 - MrTrader - ERROR - Error sending simple menu: Timed out
2025-08-30 11:08:48,689 - MrTrader - ERROR - Error processing callback admin_panel: 'CallbackHandler' object has no attribute 'handle_admin_action'
2025-09-05 20:13:45,200 - MrTrader - ERROR - Error processing callback admin_panel: 'CallbackHandler' object has no attribute 'handle_admin_action'
2025-09-05 22:15:47,138 - MrTrader - ERROR - Error processing callback admin_view_user:5089112952: Can't parse entities: can't find end of the entity starting at byte offset 200
2025-09-05 22:16:52,454 - MrTrader - ERROR - Error processing callback admin_view_user:5089112952: Can't parse entities: can't find end of the entity starting at byte offset 200
2025-09-05 22:32:01,144 - MrTrader - ERROR - Error processing callback admin_charge_wallet:5089112952: Can't parse entities: character '.' is reserved and must be escaped with the preceding '\'
2025-09-05 22:32:20,803 - MrTrader - ERROR - Error processing callback admin_charge_wallet:5089112952: Can't parse entities: character '.' is reserved and must be escaped with the preceding '\'
2025-09-05 22:41:33,550 - MrTrader - ERROR - Error processing callback admin_view_user:5089112952: Can't parse entities: can't find end of italic entity at byte offset 194
2025-09-05 22:42:04,215 - MrTrader - ERROR - Error processing callback admin_view_user:5089112952: Can't parse entities: can't find end of italic entity at byte offset 194
2025-09-05 22:46:07,715 - MrTrader - ERROR - Error processing callback admin_view_user:5089112952: Can't parse entities: can't find end of italic entity at byte offset 194
2025-09-05 22:47:06,085 - MrTrader - ERROR - Error processing callback admin_charge_wallet:6432698092: Can't parse entities: character '.' is reserved and must be escaped with the preceding '\'
2025-09-05 22:48:26,372 - MrTrader - ERROR - Error processing callback admin_view_user:5089112952: Can't parse entities: can't find end of italic entity at byte offset 194
2025-09-05 22:48:41,405 - MrTrader - ERROR - Error processing callback admin_charge_wallet:6432698092: Can't parse entities: character '.' is reserved and must be escaped with the preceding '\'
2025-09-05 22:51:34,288 - MrTrader - ERROR - Error processing callback admin_view_user:5089112952: Can't parse entities: can't find end of italic entity at byte offset 194
2025-09-05 22:51:50,667 - MrTrader - ERROR - Error processing callback admin_charge_wallet:6432698092: Can't parse entities: character '.' is reserved and must be escaped with the preceding '\'
2025-09-05 22:55:22,675 - MrTrader - ERROR - Error processing callback admin_view_user:5089112952: 'NoneType' object has no attribute 'replace'
2025-09-05 22:56:39,099 - MrTrader - ERROR - Error processing callback admin_view_user:6432698092: 'NoneType' object has no attribute 'replace'
2025-09-05 22:59:28,540 - MrTrader - ERROR - Error processing callback admin_charge_wallet:5089112952: Can't parse entities: character '.' is reserved and must be escaped with the preceding '\'
2025-09-05 23:00:04,512 - MrTrader - ERROR - Error processing callback admin_charge_wallet:1517662886: Can't parse entities: character '.' is reserved and must be escaped with the preceding '\'
2025-09-05 23:10:05,145 - MrTrader - ERROR - Error processing callback admin_charge_wallet:5089112952: Can't parse entities: character '.' is reserved and must be escaped with the preceding '\'
2025-09-05 23:12:17,872 - MrTrader - ERROR - Error processing callback admin_charge_wallet:5089112952: Can't parse entities: character '.' is reserved and must be escaped with the preceding '\'
2025-09-05 23:38:48,518 - MrTrader - ERROR - Error changing package: list index out of range
